TN:
SF:src\stories\button\Button.tsx
FN:1,(anonymous_0)
FN:17,(anonymous_1)
FNF:2
FNH:2
FNDA:5,(anonymous_0)
FNDA:15,(anonymous_1)
DA:1,40
DA:17,5
DA:24,15
DA:27,15
DA:39,5
LF:5
LH:5
BRDA:1,0,0,10
BRDA:1,0,1,5
BRDA:1,1,0,5
BRDA:18,2,0,9
BRDA:19,3,0,10
BRDA:24,4,0,5
BRDA:24,4,1,10
BRF:7
BRH:7
end_of_record
TN:
SF:src\stories\container\Container.tsx
FN:1,(anonymous_0)
FN:8,(anonymous_1)
FN:8,(anonymous_2)
FNF:3
FNH:3
FNDA:3,(anonymous_0)
FNDA:3,(anonymous_1)
FNDA:3,(anonymous_2)
DA:1,24
DA:8,3
DA:9,3
DA:11,3
DA:19,3
LF:5
LH:5
BRDA:1,0,0,3
BRDA:1,0,1,0
BRDA:1,1,0,3
BRDA:1,2,0,3
BRDA:1,2,1,3
BRDA:14,3,0,3
BRDA:14,3,1,0
BRF:7
BRH:5
end_of_record
TN:
SF:src\stories\list\List.tsx
FN:1,(anonymous_0)
FN:7,(anonymous_1)
FNF:2
FNH:2
FNDA:1,(anonymous_0)
FNDA:1,(anonymous_1)
DA:1,8
DA:7,1
DA:8,1
DA:9,1
LF:4
LH:4
BRDA:1,0,0,2
BRDA:1,0,1,1
BRDA:1,1,0,1
BRF:3
BRH:3
end_of_record
TN:
SF:src\stories\list\ListItem.tsx
FN:1,(anonymous_0)
FN:8,(anonymous_1)
FNF:2
FNH:2
FNDA:2,(anonymous_0)
FNDA:4,(anonymous_1)
DA:1,16
DA:8,2
DA:9,4
DA:10,2
LF:4
LH:4
BRDA:1,0,0,4
BRDA:1,0,1,2
BRDA:1,1,0,2
BRF:3
BRH:3
end_of_record
TN:
SF:src\stories\loaders\Loader.tsx
FN:1,(anonymous_0)
FN:5,(anonymous_1)
FN:9,(anonymous_2)
FNF:3
FNH:3
FNDA:1,(anonymous_0)
FNDA:1,(anonymous_1)
FNDA:10,(anonymous_2)
DA:1,8
DA:5,1
DA:6,1
DA:10,10
DA:15,1
LF:5
LH:5
BRDA:1,0,0,2
BRDA:1,0,1,1
BRDA:1,1,0,1
BRDA:5,2,0,0
BRF:4
BRH:3
end_of_record
TN:
SF:src\stories\play-function\PlayFunction.tsx
FN:1,(anonymous_0)
FN:3,(anonymous_1)
FN:8,(anonymous_2)
FN:11,(anonymous_3)
FNF:4
FNH:3
FNDA:3,(anonymous_0)
FNDA:4,(anonymous_1)
FNDA:1,(anonymous_2)
FNDA:0,(anonymous_3)
DA:1,27
DA:3,4
DA:4,4
DA:5,4
DA:8,1
DA:11,0
DA:16,3
LF:7
LH:6
BRDA:1,0,0,6
BRDA:1,0,1,3
BRDA:1,1,0,3
BRDA:7,2,0,4
BRDA:7,2,1,3
BRDA:10,3,0,4
BRDA:10,3,1,1
BRDA:13,4,0,4
BRDA:13,4,1,1
BRF:9
BRH:9
end_of_record
TN:
SF:src\stories\section\Section.tsx
FN:1,(anonymous_0)
FN:10,(anonymous_1)
FN:11,(anonymous_2)
FN:17,(anonymous_3)
FNF:4
FNH:4
FNDA:5,(anonymous_0)
FNDA:15,(anonymous_1)
FNDA:15,(anonymous_2)
FNDA:15,(anonymous_3)
DA:1,45
DA:10,15
DA:11,15
DA:12,15
DA:13,10
DA:14,10
DA:17,15
DA:18,15
DA:21,15
DA:29,5
LF:10
LH:10
BRDA:1,0,0,10
BRDA:1,0,1,5
BRDA:1,1,0,5
BRF:3
BRH:3
end_of_record
TN:
SF:src\stories\text\Text.tsx
FN:1,(anonymous_0)
FNF:1
FNH:1
FNDA:2,(anonymous_0)
DA:1,8
DA:2,1
DA:3,1
LF:3
LH:3
BRDA:1,0,0,2
BRDA:1,0,1,1
BRDA:1,1,0,1
BRF:3
BRH:3
end_of_record
